<?xml version="1.0" encoding="UTF-8"?>
<testng-results skipped="0" failed="0" ignored="1" total="4" passed="3">
  <reporter-output>
  </reporter-output>
  <suite name="Default suite" duration-ms="178400" started-at="2021-06-23T18:26:42 IST" finished-at="2021-06-23T18:29:40 IST">
    <groups>
    </groups>
    <test name="Default test" duration-ms="178400" started-at="2021-06-23T18:26:42 IST" finished-at="2021-06-23T18:29:40 IST">
      <class name="pqEndToEnd.pqEndToEnd.TestClixPennant">
        <test-method status="PASS" signature="createPQuserAndopenUrl()[pri:0, instance:pqEndToEnd.pqEndToEnd.TestClixPennant@76b0bfab]" name="createPQuserAndopenUrl" is-config="true" duration-ms="53094" started-at="2021-06-23T18:26:42 IST" finished-at="2021-06-23T18:27:35 IST">
          <reporter-output>
          </reporter-output>
        </test-method> <!-- createPQuserAndopenUrl -->
        <test-method status="PASS" signature="shortFormPanFormDetails(java.lang.String, java.lang.String, java.lang.String, java.lang.String, java.lang.String)[pri:1, instance:pqEndToEnd.pqEndToEnd.TestClixPennant@76b0bfab]" name="shortFormPanFormDetails" duration-ms="54277" started-at="2021-06-23T18:27:35 IST" data-provider="getTestDataUtilsFu" finished-at="2021-06-23T18:28:29 IST">
          <params>
            <param index="0">
              <value>
                <![CDATA[Aditya yadav]]>
              </value>
            </param>
            <param index="1">
              <value>
                <![CDATA[adityayadav@gmail.com]]>
              </value>
            </param>
            <param index="2">
              <value>
                <![CDATA[110033.0]]>
              </value>
            </param>
            <param index="3">
              <value>
                <![CDATA[Clix capital service]]>
              </value>
            </param>
            <param index="4">
              <value>
                <![CDATA[50000.0]]>
              </value>
            </param>
          </params>
          <reporter-output>
          </reporter-output>
        </test-method> <!-- shortFormPanFormDetails -->
        <test-method status="PASS" signature="personalandOfficeDetailsDetails()[pri:2, instance:pqEndToEnd.pqEndToEnd.TestClixPennant@76b0bfab]" name="personalandOfficeDetailsDetails" duration-ms="25767" started-at="2021-06-23T18:28:29 IST" finished-at="2021-06-23T18:28:55 IST">
          <reporter-output>
          </reporter-output>
        </test-method> <!-- personalandOfficeDetailsDetails -->
        <test-method status="PASS" signature="additionalDetails()[pri:3, instance:pqEndToEnd.pqEndToEnd.TestClixPennant@76b0bfab]" name="additionalDetails" duration-ms="45136" started-at="2021-06-23T18:28:55 IST" finished-at="2021-06-23T18:29:40 IST">
          <reporter-output>
          </reporter-output>
        </test-method> <!-- additionalDetails -->
      </class> <!-- pqEndToEnd.pqEndToEnd.TestClixPennant -->
    </test> <!-- Default test -->
  </suite> <!-- Default suite -->
</testng-results>
