<?xml version="1.0" encoding="UTF-8"?>
<!-- Generated by org.testng.reporters.JUnitXMLReporter -->
<testsuite hostname="Adityayadav-PC" ignored="2" name="PquserCreationAndE2ETest" tests="1" failures="0" timestamp="2021-07-13T19:02:54 IST" time="33.375" errors="0">
  <testcase name="Testpquser" time="33.303" classname="Testclass.TestpquserCreationOnly"/>
  <testcase name="title" time="0.0" classname="Testclass.TestpquserCreationOnly">
    <ignored/>
  </testcase> <!-- title -->
  <testcase name="openIndialends" time="0.0" classname="Testclass.TestpquserCreationOnly">
    <ignored/>
  </testcase> <!-- openIndialends -->
</testsuite> <!-- PquserCreationAndE2ETest -->
