<?xml version="1.0" encoding="UTF-8"?>
<!-- Generated by org.testng.reporters.JUnitXMLReporter -->
<testsuite hostname="Adityayadav-PC" ignored="2" name="PquserCreationAndE2ETest" tests="1" failures="0" timestamp="2021-07-13T11:52:06 IST" time="34.248" errors="0">
  <testcase name="Testpquser" time="34.171" classname="Testclass.TestpquserCreationOnly"/>
  <testcase name="title" time="0.0" classname="Testclass.TestpquserCreationOnly">
    <ignored/>
  </testcase> <!-- title -->
  <testcase name="openIndialends" time="0.0" classname="Testclass.TestpquserCreationOnly">
    <ignored/>
  </testcase> <!-- openIndialends -->
</testsuite> <!-- PquserCreationAndE2ETest -->
