<?xml version="1.0" encoding="UTF-8"?>
<!-- Generated by org.testng.reporters.JUnitXMLReporter -->
<testsuite hostname="Adityayadav-PC" ignored="2" name="Test" tests="1" failures="0" timestamp="2021-07-08T15:14:29 IST" time="23.819" errors="0">
  <testcase name="openIndialends" time="23.753" classname="Testclass.TestpquserCreationOnly"/>
  <testcase name="Testpquser" time="0.0" classname="Testclass.TestpquserCreationOnly">
    <ignored/>
  </testcase> <!-- Testpquser -->
  <testcase name="title" time="0.0" classname="Testclass.TestpquserCreationOnly">
    <ignored/>
  </testcase> <!-- title -->
</testsuite> <!-- Test -->
