<?xml version="1.0" encoding="UTF-8"?>
<!-- Generated by org.testng.reporters.JUnitXMLReporter -->
<testsuite hostname="Adityayadav-PC" ignored="1" name="Default test" tests="3" failures="0" timestamp="2021-06-23T18:29:40 IST" time="178.4" errors="0">
  <testcase name="shortFormPanFormDetails" time="54.277" classname="pqEndToEnd.pqEndToEnd.TestClixPennant"/>
  <testcase name="personalandOfficeDetailsDetails" time="25.767" classname="pqEndToEnd.pqEndToEnd.TestClixPennant"/>
  <testcase name="additionalDetails" time="45.136" classname="pqEndToEnd.pqEndToEnd.TestClixPennant"/>
  <testcase name="testLoginAndOffer" time="0.0" classname="pqEndToEnd.pqEndToEnd.TestClixPennant">
    <ignored/>
  </testcase> <!-- testLoginAndOffer -->
</testsuite> <!-- Default test -->
